IP  - - [31/Aug/2008:07:17:42 +0000] "GET /ads/LaCachette256.wmv HTTP/1.1" 200 2765784 "http://www.chamonixchalet.net/Chalet1_Description.ink" "Mozilla/4.0 (compatible; MSIE 7.0; Windows NT 6.0; SLCC1; .NET CLR 2.0.50727; Media Center PC 5.0; .NET CLR 3.0.04506)"
IP  - - [31/Aug/2008:09:02:27 +0000] "GET /pds/DanielBaudSkiGuide768.wmv HTTP/1.1" 200 10865537 "-" "Mozilla/5.0 (compatible; Charlotte/1.1; http://www.searchme.com/support/)"
IP  - - [31/Aug/2008:09:25:05 +0000] "GET /ads/LaRetraire256.wmv HTTP/1.1" 200 2043628 "http://www.chamonixchalet.net/default.ink" "Mozilla/4.0 (compatible; MSIE 7.0; Windows NT 5.1; YPC 3.2.0; Media Center PC 3.0; .NET CLR 1.0.3705; .NET CLR 1.1.4322; .NET CLR 2.0.50727; BT Openworld Broadband; BT Openworld Broadband)"
IP  - - [31/Aug/2008:12:18:16 +0000] "GET /pds/MorzineKids256.mov HTTP/1.1" 200 204089 "http://www.skimorzine.com/planning/families.php" "Mozilla/4.0 (compatible; MSIE 7.0; Windows NT 6.0; SLCC1; .NET CLR 2.0.50727; .NET CLR 3.0.04506)"
IP  - - [31/Aug/2008:13:37:53 +0000] "GET /pds/DanielBaudSkiGuide768.wmv HTTP/1.1" 200 237912 "http://www.eskimogul.com/morzine_avoriaz_les_gets.htm" "Mozilla/4.0 (compatible; MSIE 7.0; Windows NT 5.1; .NET CLR 1.1.4322; .NET CLR 2.0.50727)"
IP  - - [31/Aug/2008:14:31:30 +0000] "GET /zink/ HTTP/1.1" 200 915 "-" "Mozilla/5.0 (Windows; U; Windows NT 5.1; fr; rv:1.8.1) VoilaBot BETA 1.2 (support.voilabot@orange-ftgroup.com)"
IP  - - [31/Aug/2008:15:27:51 +0000] "GET /skimorgins/AdultsIntro.mov HTTP/1.1" 200 6741522 "http://www.skimorgins.co.uk/movie_clips/winter.htm" "Mozilla/5.0 (Macintosh; U; Intel Mac OS X; en-US; rv:IP ) Gecko/20080702 Firefox/IP "
IP  - - [31/Aug/2008:15:28:29 +0000] "GET /skimorgins/AdultSki.mov HTTP/1.1" 200 10794484 "http://www.skimorgins.co.uk/movie_clips/winter.htm" "Mozilla/5.0 (Macintosh; U; Intel Mac OS X; en-US; rv:IP ) Gecko/20080702 Firefox/IP "
IP  - - [31/Aug/2008:15:29:10 +0000] "GET /skimorgins/AdultSki.wmv HTTP/1.1" 200 250193 "http://www.skimorgins.co.uk/movie_clips/winter.htm" "Mozilla/5.0 (Macintosh; U; Intel Mac OS X; en-US; rv:IP ) Gecko/20080702 Firefox/IP "
IP  - - [31/Aug/2008:15:29:17 +0000] "GET /skimorgins/AdultSki.wmv HTTP/1.1" 200 4867903 "-" "QuickTime/7.5 (qtver=7.5;cpu=IA32;os=Mac 10.4.9)"
IP  - - [31/Aug/2008:15:29:41 +0000] "GET /skimorgins/WinterActivities.mov HTTP/1.1" 200 6619944 "http://www.skimorgins.co.uk/movie_clips/winter.htm" "Mozilla/5.0 (Macintosh; U; Intel Mac OS X; en-US; rv:IP ) Gecko/20080702 Firefox/IP "
IP  - - [31/Aug/2008:16:38:26 +0000] "GET /index.htm HTTP/1.0" 200 4919 "-" "Mozilla/5.0 (X11; U; Linux i686 (x86_64); en-US; rv:IP ) Gecko/20080721 BonEcho/IP "
IP  - - [31/Aug/2008:16:38:27 +0000] "GET /style.css HTTP/1.0" 200 4405 "http://www.giantmedia.co.uk/index.htm" "Mozilla/5.0 (X11; U; Linux i686 (x86_64); en-US; rv:IP ) Gecko/20080721 BonEcho/IP "
IP  - - [31/Aug/2008:16:39:59 +0000] "GET /ads/LaCachette256.wmv HTTP/1.1" 200 1414386 "http://www.chamonixchalet.net/Chalet3_Video.ink" "Mozilla/4.0 (compatible; MSIE 7.0; Windows NT 5.1; .NET CLR 1.1.4322)"
IP  - - [31/Aug/2008:16:40:12 +0000] "GET /ads/LaCachette256.wmv HTTP/1.0" 200 34480 "-" "NSPlayer/8.0.0.4477"
IP  - - [31/Aug/2008:16:40:12 +0000] "GET /ads/LaCachette256.wmv HTTP/1.1" 200 264674 "-" "NSPlayer/9.0.0.3250"
IP  - - [31/Aug/2008:16:40:17 +0000] "GET /ads/LaCachette256.wmv HTTP/1.1" 200 2765784 "-" "NSPlayer/9.0.0.3267 WMFSDK/9.0"
IP  - - [31/Aug/2008:16:42:36 +0000] "GET /formats.htm HTTP/1.1" 200 12708 "http://www.google.co.th/search?hl=th&rlz=1T4ADBF_enTH280TH280&q=MPEG+IMX+Audio&start=270&sa=N" "Mozilla/4.0 (compatible; MSIE 6.0; Windows NT 5.1; SV1)"
IP  - - [31/Aug/2008:16:42:37 +0000] "GET /style.css HTTP/1.1" 200 4405 "http://www.giantmedia.co.uk/formats.htm" "Mozilla/4.0 (compatible; MSIE 6.0; Windows NT 5.1; SV1)"
IP  - - [31/Aug/2008:16:42:38 +0000] "GET /images/giantLogo.gif HTTP/1.1" 200 1247 "http://www.giantmedia.co.uk/formats.htm" "Mozilla/4.0 (compatible; MSIE 6.0; Windows NT 5.1; SV1)"
IP  - - [31/Aug/2008:16:42:38 +0000] "GET /images/homeSquare.gif HTTP/1.1" 200 45 "http://www.giantmedia.co.uk/formats.htm" "Mozilla/4.0 (compatible; MSIE 6.0; Windows NT 5.1; SV1)"
IP  - - [31/Aug/2008:16:42:39 +0000] "GET /images/clientSquare.gif HTTP/1.1" 200 45 "http://www.giantmedia.co.uk/formats.htm" "Mozilla/4.0 (compatible; MSIE 6.0; Windows NT 5.1; SV1)"
IP  - - [31/Aug/2008:16:42:39 +0000] "GET /images/formatsSquare.gif HTTP/1.1" 200 45 "http://www.giantmedia.co.uk/formats.htm" "Mozilla/4.0 (compatible; MSIE 6.0; Windows NT 5.1; SV1)"
IP  - - [31/Aug/2008:16:42:40 +0000] "GET /images/aboutSquare.gif HTTP/1.1" 200 45 "http://www.giantmedia.co.uk/formats.htm" "Mozilla/4.0 (compatible; MSIE 6.0; Windows NT 5.1; SV1)"
IP  - - [31/Aug/2008:16:42:40 +0000] "GET /images/formatLeftHeader.jpg HTTP/1.1" 200 9206 "http://www.giantmedia.co.uk/formats.htm" "Mozilla/4.0 (compatible; MSIE 6.0; Windows NT 5.1; SV1)"
IP  - - [31/Aug/2008:16:42:41 +0000] "GET /images/formatRightHeader.jpg HTTP/1.1" 200 17435 "http://www.giantmedia.co.uk/formats.htm" "Mozilla/4.0 (compatible; MSIE 6.0; Windows NT 5.1; SV1)"
IP  - - [31/Aug/2008:16:42:44 +0000] "GET /images/tick.gif HTTP/1.1" 200 95 "http://www.giantmedia.co.uk/formats.htm" "Mozilla/4.0 (compatible; MSIE 6.0; Windows NT 5.1; SV1)"
IP  - - [31/Aug/2008:16:42:45 +0000] "GET /images/headerDiv.png HTTP/1.1" 200 158 "http://www.giantmedia.co.uk/formats.htm" "Mozilla/4.0 (compatible; MSIE 6.0; Windows NT 5.1; SV1)"
IP  - - [31/Aug/2008:20:51:25 +0000] "GET /phpmyadmin/main.php HTTP/1.0" 404 292 "-" "-"
IP  - - [31/Aug/2008:20:51:25 +0000] "GET /phpMyAdmin/main.php HTTP/1.0" 404 292 "-" "-"
IP  - - [31/Aug/2008:20:51:25 +0000] "GET /PMA/main.php HTTP/1.0" 404 285 "-" "-"
IP  - - [31/Aug/2008:20:51:25 +0000] "GET /myadmin/main.php HTTP/1.0" 404 289 "-" "-"
IP  - - [31/Aug/2008:20:51:25 +0000] "GET /webadmin/main.php HTTP/1.0" 404 290 "-" "-"
IP  - - [31/Aug/2008:20:51:26 +0000] "GET /xampp/main.php HTTP/1.0" 404 287 "-" "-"
IP  - - [31/Aug/2008:22:15:48 +0000] "GET /index.htm HTTP/1.0" 200 4919 "-" "Mozilla/5.0 (compatible; Yahoo! Slurp; http://help.yahoo.com/help/us/ysearch/slurp)"
IP  - - [31/Aug/2008:23:47:41 +0000] "GET /ads/LaRetraire256.wmv HTTP/1.1" 200 20168 "http://www.singingfish.com" "asterias/2.0"
IP  - - [01/Sep/2008:00:44:07 +0000] "GET /virgin/PlayingYourPositionSeq.wmv HTTP/1.1" 200 20166 "http://www.singingfish.com" "asterias/2.0"
IP  - - [01/Sep/2008:00:44:15 +0000] "GET /virgin/JudgingYourOpponentsSeq.wmv HTTP/1.1" 200 20166 "http://www.singingfish.com" "asterias/2.0"
IP  - - [01/Sep/2008:00:44:22 +0000] "GET /virgin/JudgingYourOpponentsSeq.wmv HTTP/1.1" 200 20166 "http://www.singingfish.com" "asterias/2.0"
IP  - - [01/Sep/2008:01:08:46 +0000] "GET /ads/Snowflakes768.mov HTTP/1.1" 200 34765 "http://www.singingfish.com" "asterias/2.0"
IP  - - [01/Sep/2008:01:08:52 +0000] "GET /ads/Snowflakes768.mov HTTP/1.1" 200 20165 "http://www.singingfish.com" "asterias/2.0"
IP  - - [01/Sep/2008:02:17:20 +0000] "GET /virgin/AllInSeq.mp4 HTTP/1.0" 200 39640 "http://www.virgingames.com/poker/Chapter3Apple.aspx" "Mozilla/5.0 (X11; U; Linux i686 (x86_64); en-US; rv:IP ) Gecko/20080109 (Charlotte/0.9t; http://www.searchme.com/support/)"
IP  - - [01/Sep/2008:02:34:30 +0000] "GET /virgin/AtTheTableSeq.wmv HTTP/1.1" 200 20166 "http://www.singingfish.com" "asterias/2.0"
IP  - - [01/Sep/2008:02:34:37 +0000] "GET /virgin/AtTheTableSeq.wmv HTTP/1.1" 200 20166 "http://www.singingfish.com" "asterias/2.0"
IP  - - [01/Sep/2008:02:56:52 +0000] "GET / HTTP/1.1" 206 4919 "http://www.whois.sc/giantstreaming.com" "SurveyBot/2.3 (Whois Source)"
IP  - - [01/Sep/2008:03:39:57 +0000] "GET / HTTP/1.0" 200 4919 "-" "Mozilla/4.0 (compatible; MSIE 6.0; Windows NT 5.1; SV1; SIMBAR Enabled; SIMBAR={76A5CB74-83B8-4eb3-8128-9781F8D7D8CD}; .NET CLR 1.1.4322; .NET CLR 2.0.50727)"
IP  - - [01/Sep/2008:04:32:49 +0000] "GET /ads/LeSabot256.mov HTTP/1.1" 200 20167 "http://www.singingfish.com" "asterias/2.0"
IP  - - [01/Sep/2008:04:32:57 +0000] "GET /ads/LeSabot256.mov HTTP/1.1" 200 20167 "http://www.singingfish.com" "asterias/2.0"
IP  - - [01/Sep/2008:04:33:03 +0000] "GET /ads/LeSabot256.mov HTTP/1.1" 200 20167 "http://www.singingfish.com" "asterias/2.0"
IP  - - [01/Sep/2008:04:33:10 +0000] "GET /ads/LeSabot256.mov HTTP/1.1" 200 20167 "http://www.singingfish.com" "asterias/2.0"
IP  - - [01/Sep/2008:05:04:14 +0000] "GET / HTTP/1.0" 200 4919 "-" "Mozilla/4.0 (compatible; MSIE 7.0; Windows NT 5.1; .NET CLR 1.1.4322; InfoPath.2; .NET CLR 3.0.04506.30)"
IP  - - [01/Sep/2008:06:18:00 +0000] "GET /zink/ HTTP/1.1" 200 915 "-" "Mozilla/5.0 (Windows; U; Windows NT 5.1; fr; rv:1.8.1) VoilaBot BETA 1.2 (support.voilabot@orange-ftgroup.com)"
IP  - - [01/Sep/2008:06:20:21 +0000] "GET /index.htm HTTP/1.1" 200 4919 "-" "msnbot/1.1 (+http://search.msn.com/msnbot.htm)"
IP  - - [01/Sep/2008:06:52:12 +0000] "GET / HTTP/1.1" 200 4919 "http://www.warisan13.com/bleach-movie-2009.html" "Mozilla/4.0 (compatible; MSIE 5.5; Windows NT 4.0)"
IP  - - [01/Sep/2008:07:05:13 +0000] "GET /skimorgins/AdultsIntro.wmv HTTP/1.1" 200 38894 "http://www.skimorgins.com/movie_clips/winter.htm" "Mozilla/4.0 (compatible; MSIE 7.0; Windows NT 6.0; SLCC1; .NET CLR 2.0.50727; Media Center PC 5.0; .NET CLR 3.0.04506)"
IP  - - [01/Sep/2008:07:05:33 +0000] "GET /skimorgins/AdultsIntro.wmv HTTP/1.1" 200 6413624 "-" "NSPlayer/11.00.6001.7000 WMFSDK/11.00.6001.7000"
IP  - - [01/Sep/2008:08:20:47 +0000] "GET / HTTP/1.0" 200 4919 "-" "Mozilla/4.0 (compatible; MSIE 7.0; Windows NT 5.1; InfoPath.1; .NET CLR 1.1.4322; .NET CLR 2.0.50727; HbTools 4.8.4; Zango 10.0.275.0)"
IP  - - [01/Sep/2008:09:02:27 +0000] "GET /about.htm HTTP/1.0" 200 5579 "-" "Mozilla/5.0 (compatible; Yahoo! Slurp; http://help.yahoo.com/help/us/ysearch/slurp)"
IP  - - [01/Sep/2008:10:42:21 +0000] "GET / HTTP/1.1" 200 4919 "-" "Mozilla/5.0 (compatible; Charlotte/1.1; http://www.searchme.com/support/)"
IP  - - [01/Sep/2008:11:32:23 +0000] "GET /ads/LaRetraire256.wmv HTTP/1.1" 200 56630 "http://www.chamonixchalet.net/default.ink" "Mozilla/4.0 (compatible; MSIE 7.0; Windows NT 6.0; SLCC1; .NET CLR 2.0.50727; Media Center PC 5.0; .NET CLR 3.0.04506; InfoPath.2)"
IP  - - [01/Sep/2008:11:32:41 +0000] "GET /ads/LaRetraire256.wmv HTTP/1.1" 200 2043628 "-" "NSPlayer/11.00.6000.6324 WMFSDK/11.00.6000.6324"
IP  - - [01/Sep/2008:11:34:26 +0000] "GET /ads/LaCachette256.wmv HTTP/1.1" 200 55170 "http://www.chamonixchalet.net/availability.ink?sdate=01/12/2008&chaletid=3" "Mozilla/4.0 (compatible; MSIE 7.0; Windows NT 6.0; SLCC1; .NET CLR 2.0.50727; Media Center PC 5.0; .NET CLR 3.0.04506; InfoPath.2)"
IP  - - [01/Sep/2008:11:34:27 +0000] "GET /ads/LaCachette256.wmv HTTP/1.1" 304 - "-" "NSPlayer/11.00.6000.6324 WMFSDK/11.00.6000.6324"
IP  - - [01/Sep/2008:12:15:38 +0000] "GET / HTTP/1.0" 200 4919 "-" "Mozilla/5.0 (compatible; Yahoo! Slurp; http://help.yahoo.com/help/us/ysearch/slurp)"
IP  - - [01/Sep/2008:12:23:50 +0000] "GET /skimorgins/AdultsIntro.mov HTTP/1.1" 200 6741522 "http://www.skimorgins.co.uk/movie_clips/winter.htm" "Mozilla/4.0 (compatible; MSIE 6.0; Windows NT 5.1; SV1)"
IP  - - [01/Sep/2008:12:24:12 +0000] "GET /skimorgins/AdultsIntro.wmv HTTP/1.1" 200 6413624 "http://www.skimorgins.co.uk/movie_clips/winter.htm" "Mozilla/4.0 (compatible; MSIE 6.0; Windows NT 5.1; SV1)"
IP  - - [01/Sep/2008:15:17:09 +0000] "GET /ads/LaCachette768.wmv HTTP/1.1" 200 76568 "http://www.chamonixchalet.net/Chalet1_Video.ink" "Mozilla/4.0 (compatible; MSIE 7.0; Windows NT 6.0; SLCC1; .NET CLR 2.0.50727; .NET CLR 3.0.04506)"
IP  - - [01/Sep/2008:15:18:07 +0000] "GET /ads/LaCachette768.wmv HTTP/1.1" 200 8595412 "-" "NSPlayer/11.00.6000.6324 WMFSDK/11.00.6000.6324"
IP  - - [01/Sep/2008:16:05:32 +0000] "GET /index.htm HTTP/1.0" 200 4919 "-" "Mozilla/5.0 (compatible; Yahoo! Slurp; http://help.yahoo.com/help/us/ysearch/slurp)"
IP  - - [01/Sep/2008:17:05:05 +0000] "GET /skimorgins/AdultsIntro.wmv HTTP/1.1" 200 160970 "http://www.skimorgins.co.uk/movie_clips/winter.htm" "Mozilla/4.0 (compatible; MSIE 7.0; Windows NT 5.1; .NET CLR 1.0.3705; .NET CLR 1.1.4322; Media Center PC 4.0; .NET CLR 2.0.50727)"
IP  - - [01/Sep/2008:17:05:08 +0000] "GET /skimorgins/AdultsIntro.wmv HTTP/1.1" 200 35027 "-" "NSPlayer/11.0.5721.5145"
IP  - - [01/Sep/2008:17:05:28 +0000] "GET /skimorgins/AdultsIntro.wmv HTTP/1.1" 206 6412674 "-" "NSPlayer/11.0.5721.5145 WMFSDK/11.0"
IP  - - [01/Sep/2008:17:11:39 +0000] "GET /skimorgins/WinterActivities.wmv HTTP/1.1" 200 34969 "http://www.skimorgins.co.uk/movie_clips/winter.htm" "Mozilla/4.0 (compatible; MSIE 7.0; Windows NT 5.1; .NET CLR 1.0.3705; .NET CLR 1.1.4322; Media Center PC 4.0; .NET CLR 2.0.50727)"
IP  - - [01/Sep/2008:17:12:09 +0000] "GET /skimorgins/WinterActivities.wmv HTTP/1.1" 206 10635877 "-" "NSPlayer/11.0.5721.5145 WMFSDK/11.0"
IP  - - [01/Sep/2008:20:00:15 +0000] "GET /about.htm HTTP/1.0" 200 5579 "-" "Mozilla/5.0 (compatible; Yahoo! Slurp; http://help.yahoo.com/help/us/ysearch/slurp)"
IP  - - [01/Sep/2008:20:06:49 +0000] "GET /formats.htm HTTP/1.0" 200 12708 "-" "Mozilla/5.0 (compatible; Yahoo! Slurp; http://help.yahoo.com/help/us/ysearch/slurp)"
IP  - - [01/Sep/2008:20:17:34 +0000] "GET /skimorgins/Hiking.wmv HTTP/1.0" 200 11677322 "-" "Mozilla/5.0 (compatible; Yahoo! Slurp; http://help.yahoo.com/help/us/ysearch/slurp)"
IP  - - [01/Sep/2008:20:48:33 +0000] "GET /ads/LaCachette256.wmv HTTP/1.1" 200 258110 "http://www.chamonixchalet.net/default.ink" "Mozilla/5.0 (Windows; U; Windows NT 5.1; en-GB; rv:IP ) Gecko/20080702 Firefox/IP "
IP  - - [01/Sep/2008:20:48:42 +0000] "GET /ads/LaCachette256.wmv HTTP/1.1" 200 240647 "-" "NSPlayer/11.0.5721.5145"
IP  - - [01/Sep/2008:20:49:03 +0000] "GET /ads/LaCachette256.wmv HTTP/1.1" 200 2765784 "-" "NSPlayer/11.0.5721.5145 WMFSDK/11.0"
IP  - - [01/Sep/2008:22:20:04 +0000] "GET /virgin/AllInSeq.wmv HTTP/1.1" 200 20168 "http://www.singingfish.com" "asterias/2.0"
IP  - - [01/Sep/2008:22:20:11 +0000] "GET /virgin/IntroductionSeq.wmv HTTP/1.1" 200 20166 "http://www.singingfish.com" "asterias/2.0"
IP  - - [01/Sep/2008:23:46:57 +0000] "GET /virgin/IntroductionSeq.wmv HTTP/1.1" 200 20166 "http://www.singingfish.com" "asterias/2.0"
IP  - - [02/Sep/2008:02:16:52 +0000] "GET /formats.htm HTTP/1.1" 200 12708 "-" "Mozilla/4.0 (compatible; MSIE 6.0; Windows NT 5.1; SV1)"
IP  - - [02/Sep/2008:02:16:53 +0000] "GET /index.htm HTTP/1.1" 200 4919 "-" "Mozilla/4.0 (compatible; MSIE 6.0; Windows NT 5.1; SV1)"
IP  - - [02/Sep/2008:02:16:53 +0000] "GET /clients.htm HTTP/1.1" 200 7371 "-" "Mozilla/4.0 (compatible; MSIE 6.0; Windows NT 5.1; SV1)"
IP  - - [02/Sep/2008:02:16:53 +0000] "GET /about.htm HTTP/1.1" 200 5579 "-" "Mozilla/4.0 (compatible; MSIE 6.0; Windows NT 5.1; SV1)"
IP  - - [02/Sep/2008:03:42:49 +0000] "GET /about.htm HTTP/1.1" 200 5579 "-" "msnbot/1.1 (+http://search.msn.com/msnbot.htm)"
IP  - - [02/Sep/2008:04:12:03 +0000] "GET /skimorgins/SummerActivities.wmv HTTP/1.0" 200 9437192 "-" "Mozilla/5.0 (compatible; Yahoo! Slurp; http://help.yahoo.com/help/us/ysearch/slurp)"
IP  - - [02/Sep/2008:05:12:49 +0000] "GET /formats.htm HTTP/1.1" 304 - "-" "msnbot/1.1 (+http://search.msn.com/msnbot.htm)"
IP  - - [02/Sep/2008:07:20:57 +0000] "GET /clients.htm HTTP/1.0" 200 7371 "-" "Mozilla/5.0 (compatible; Yahoo! Slurp; http://help.yahoo.com/help/us/ysearch/slurp)"
IP  - - [02/Sep/2008:07:51:24 +0000] "GET /images/giantLogo.gif HTTP/1.1" 304 - "-" "Googlebot-Image/1.0"
IP  - - [02/Sep/2008:09:08:17 +0000] "GET / HTTP/1.1" 200 4919 "-" "Mozilla/4.0 (compatible; MSIE 7.0; Windows NT 5.1; .NET CLR 2.0.50727; InfoPath.2)"
IP  - - [02/Sep/2008:09:08:17 +0000] "GET /style.css HTTP/1.1" 200 4405 "http://www.giantmedia.co.uk/" "Mozilla/4.0 (compatible; MSIE 7.0; Windows NT 5.1; .NET CLR 2.0.50727; InfoPath.2)"
IP  - - [02/Sep/2008:09:08:17 +0000] "GET /images/giantLogo.gif HTTP/1.1" 200 1247 "http://www.giantmedia.co.uk/" "Mozilla/4.0 (compatible; MSIE 7.0; Windows NT 5.1; .NET CLR 2.0.50727; InfoPath.2)"
IP  - - [02/Sep/2008:09:08:17 +0000] "GET /images/homeSquare.gif HTTP/1.1" 200 45 "http://www.giantmedia.co.uk/" "Mozilla/4.0 (compatible; MSIE 7.0; Windows NT 5.1; .NET CLR 2.0.50727; InfoPath.2)"
IP  - - [02/Sep/2008:09:08:17 +0000] "GET /images/clientSquare.gif HTTP/1.1" 200 45 "http://www.giantmedia.co.uk/" "Mozilla/4.0 (compatible; MSIE 7.0; Windows NT 5.1; .NET CLR 2.0.50727; InfoPath.2)"
IP  - - [02/Sep/2008:09:08:17 +0000] "GET /images/formatsSquare.gif HTTP/1.1" 200 45 "http://www.giantmedia.co.uk/" "Mozilla/4.0 (compatible; MSIE 7.0; Windows NT 5.1; .NET CLR 2.0.50727; InfoPath.2)"
IP  - - [02/Sep/2008:09:08:17 +0000] "GET /images/aboutSquare.gif HTTP/1.1" 200 45 "http://www.giantmedia.co.uk/" "Mozilla/4.0 (compatible; MSIE 7.0; Windows NT 5.1; .NET CLR 2.0.50727; InfoPath.2)"
IP  - - [02/Sep/2008:09:08:17 +0000] "GET /images/homeLeftHeader.gif HTTP/1.1" 200 3287 "http://www.giantmedia.co.uk/" "Mozilla/4.0 (compatible; MSIE 7.0; Windows NT 5.1; .NET CLR 2.0.50727; InfoPath.2)"
IP  - - [02/Sep/2008:09:08:17 +0000] "GET /images/homeRightHeader.gif HTTP/1.1" 200 27841 "http://www.giantmedia.co.uk/" "Mozilla/4.0 (compatible; MSIE 7.0; Windows NT 5.1; .NET CLR 2.0.50727; InfoPath.2)"
IP  - - [02/Sep/2008:09:08:17 +0000] "GET /images/design2_10.gif HTTP/1.1" 200 1671 "http://www.giantmedia.co.uk/" "Mozilla/4.0 (compatible; MSIE 7.0; Windows NT 5.1; .NET CLR 2.0.50727; InfoPath.2)"
IP  - - [02/Sep/2008:09:08:17 +0000] "GET /images/tick.gif HTTP/1.1" 200 95 "http://www.giantmedia.co.uk/" "Mozilla/4.0 (compatible; MSIE 7.0; Windows NT 5.1; .NET CLR 2.0.50727; InfoPath.2)"
IP  - - [02/Sep/2008:09:08:17 +0000] "GET /images/headerDiv.png HTTP/1.1" 200 158 "http://www.giantmedia.co.uk/" "Mozilla/4.0 (compatible; MSIE 7.0; Windows NT 5.1; .NET CLR 2.0.50727; InfoPath.2)"
IP  - - [02/Sep/2008:09:08:21 +0000] "GET /clients.htm HTTP/1.1" 200 7371 "http://www.giantmedia.co.uk/" "Mozilla/4.0 (compatible; MSIE 7.0; Windows NT 5.1; .NET CLR 2.0.50727; InfoPath.2)"
IP  - - [02/Sep/2008:09:08:21 +0000] "GET /images/clientsLeftHeader.gif HTTP/1.1" 200 2962 "http://www.giantmedia.co.uk/clients.htm" "Mozilla/4.0 (compatible; MSIE 7.0; Windows NT 5.1; .NET CLR 2.0.50727; InfoPath.2)"
IP  - - [02/Sep/2008:09:08:21 +0000] "GET /images/clientsRightHeader.gif HTTP/1.1" 200 25871 "http://www.giantmedia.co.uk/clients.htm" "Mozilla/4.0 (compatible; MSIE 7.0; Windows NT 5.1; .NET CLR 2.0.50727; InfoPath.2)"
IP  - - [02/Sep/2008:09:08:21 +0000] "GET /images/clients/vpoker.gif HTTP/1.1" 200 5930 "http://www.giantmedia.co.uk/clients.htm" "Mozilla/4.0 (compatible; MSIE 7.0; Windows NT 5.1; .NET CLR 2.0.50727; InfoPath.2)"
IP  - - [02/Sep/2008:09:08:21 +0000] "GET /images/clients/line_31.gif HTTP/1.1" 200 49 "http://www.giantmedia.co.uk/clients.htm" "Mozilla/4.0 (compatible; MSIE 7.0; Windows NT 5.1; .NET CLR 2.0.50727; InfoPath.2)"
IP  - - [02/Sep/2008:09:08:21 +0000] "GET /images/clients/poker.gif HTTP/1.1" 200 5439 "http://www.giantmedia.co.uk/clients.htm" "Mozilla/4.0 (compatible; MSIE 7.0; Windows NT 5.1; .NET CLR 2.0.50727; InfoPath.2)"
IP  - - [02/Sep/2008:09:08:21 +0000] "GET /images/clients/crystals.gif HTTP/1.1" 200 4508 "http://www.giantmedia.co.uk/clients.htm" "Mozilla/4.0 (compatible; MSIE 7.0; Windows NT 5.1; .NET CLR 2.0.50727; InfoPath.2)"
IP  - - [02/Sep/2008:09:08:21 +0000] "GET /images/clients/snowflakes.gif HTTP/1.1" 200 6402 "http://www.giantmedia.co.uk/clients.htm" "Mozilla/4.0 (compatible; MSIE 7.0; Windows NT 5.1; .NET CLR 2.0.50727; InfoPath.2)"
IP  - - [02/Sep/2008:09:08:21 +0000] "GET /images/clients/ats.gif HTTP/1.1" 200 4568 "http://www.giantmedia.co.uk/clients.htm" "Mozilla/4.0 (compatible; MSIE 7.0; Windows NT 5.1; .NET CLR 2.0.50727; InfoPath.2)"
IP  - - [02/Sep/2008:09:08:33 +0000] "GET /clients.htm HTTP/1.1" 304 - "http://www.giantmedia.co.uk/clients.htm" "Mozilla/4.0 (compatible; MSIE 7.0; Windows NT 5.1; .NET CLR 2.0.50727; InfoPath.2)"
IP  - - [02/Sep/2008:09:08:33 +0000] "GET /mediaplayer-poker.htm HTTP/1.1" 200 1154 "-" "Mozilla/4.0 (compatible; MSIE 7.0; Windows NT 5.1; .NET CLR 2.0.50727; InfoPath.2)"
IP  - - [02/Sep/2008:09:08:33 +0000] "GET /style.css HTTP/1.1" 304 - "http://www.giantmedia.co.uk/clients.htm" "Mozilla/4.0 (compatible; MSIE 7.0; Windows NT 5.1; .NET CLR 2.0.50727; InfoPath.2)"
IP  - - [02/Sep/2008:09:08:33 +0000] "GET /media_player_styles.css HTTP/1.1" 200 169 "http://www.giantmedia.co.uk/mediaplayer-poker.htm" "Mozilla/4.0 (compatible; MSIE 7.0; Windows NT 5.1; .NET CLR 2.0.50727; InfoPath.2)"
IP  - - [02/Sep/2008:09:08:33 +0000] "GET /images/giantLogo.gif HTTP/1.1" 304 - "http://www.giantmedia.co.uk/mediaplayer-poker.htm" "Mozilla/4.0 (compatible; MSIE 7.0; Windows NT 5.1; .NET CLR 2.0.50727; InfoPath.2)"
IP  - - [02/Sep/2008:09:08:33 +0000] "GET /images/giantLogo.gif HTTP/1.1" 304 - "http://www.giantmedia.co.uk/clients.htm" "Mozilla/4.0 (compatible; MSIE 7.0; Windows NT 5.1; .NET CLR 2.0.50727; InfoPath.2)"
IP  - - [02/Sep/2008:09:08:33 +0000] "GET /images/homeSquare.gif HTTP/1.1" 304 - "http://www.giantmedia.co.uk/clients.htm" "Mozilla/4.0 (compatible; MSIE 7.0; Windows NT 5.1; .NET CLR 2.0.50727; InfoPath.2)"
IP  - - [02/Sep/2008:09:08:33 +0000] "GET /images/headerDiv.png HTTP/1.1" 304 - "http://www.giantmedia.co.uk/clients.htm" "Mozilla/4.0 (compatible; MSIE 7.0; Windows NT 5.1; .NET CLR 2.0.50727; InfoPath.2)"
IP  - - [02/Sep/2008:09:08:33 +0000] "GET /images/clientSquare.gif HTTP/1.1" 304 - "http://www.giantmedia.co.uk/clients.htm" "Mozilla/4.0 (compatible; MSIE 7.0; Windows NT 5.1; .NET CLR 2.0.50727; InfoPath.2)"
IP  - - [02/Sep/2008:09:08:33 +0000] "GET /images/formatsSquare.gif HTTP/1.1" 304 - "http://www.giantmedia.co.uk/clients.htm" "Mozilla/4.0 (compatible; MSIE 7.0; Windows NT 5.1; .NET CLR 2.0.50727; InfoPath.2)"
IP  - - [02/Sep/2008:09:08:33 +0000] "GET /images/aboutSquare.gif HTTP/1.1" 304 - "http://www.giantmedia.co.uk/clients.htm" "Mozilla/4.0 (compatible; MSIE 7.0; Windows NT 5.1; .NET CLR 2.0.50727; InfoPath.2)"
IP  - - [02/Sep/2008:09:08:33 +0000] "GET /images/clientsLeftHeader.gif HTTP/1.1" 304 - "http://www.giantmedia.co.uk/clients.htm" "Mozilla/4.0 (compatible; MSIE 7.0; Windows NT 5.1; .NET CLR 2.0.50727; InfoPath.2)"
IP  - - [02/Sep/2008:09:08:33 +0000] "GET /images/clientsRightHeader.gif HTTP/1.1" 304 - "http://www.giantmedia.co.uk/clients.htm" "Mozilla/4.0 (compatible; MSIE 7.0; Windows NT 5.1; .NET CLR 2.0.50727; InfoPath.2)"
IP  - - [02/Sep/2008:09:08:33 +0000] "GET /images/clients/vpoker.gif HTTP/1.1" 304 - "http://www.giantmedia.co.uk/clients.htm" "Mozilla/4.0 (compatible; MSIE 7.0; Windows NT 5.1; .NET CLR 2.0.50727; InfoPath.2)"
IP  - - [02/Sep/2008:09:08:33 +0000] "GET /images/clients/line_31.gif HTTP/1.1" 304 - "http://www.giantmedia.co.uk/clients.htm" "Mozilla/4.0 (compatible; MSIE 7.0; Windows NT 5.1; .NET CLR 2.0.50727; InfoPath.2)"
IP  - - [02/Sep/2008:09:08:33 +0000] "GET /images/clients/poker.gif HTTP/1.1" 304 - "http://www.giantmedia.co.uk/clients.htm" "Mozilla/4.0 (compatible; MSIE 7.0; Windows NT 5.1; .NET CLR 2.0.50727; InfoPath.2)"
IP  - - [02/Sep/2008:09:08:33 +0000] "GET /images/clients/crystals.gif HTTP/1.1" 304 - "http://www.giantmedia.co.uk/clients.htm" "Mozilla/4.0 (compatible; MSIE 7.0; Windows NT 5.1; .NET CLR 2.0.50727; InfoPath.2)"
IP  - - [02/Sep/2008:09:08:33 +0000] "GET /images/clients/snowflakes.gif HTTP/1.1" 304 - "http://www.giantmedia.co.uk/clients.htm" "Mozilla/4.0 (compatible; MSIE 7.0; Windows NT 5.1; .NET CLR 2.0.50727; InfoPath.2)"
IP  - - [02/Sep/2008:09:08:33 +0000] "GET /images/clients/ats.gif HTTP/1.1" 304 - "http://www.giantmedia.co.uk/clients.htm" "Mozilla/4.0 (compatible; MSIE 7.0; Windows NT 5.1; .NET CLR 2.0.50727; InfoPath.2)"
IP  - - [02/Sep/2008:09:08:33 +0000] "GET /images/tick.gif HTTP/1.1" 304 - "http://www.giantmedia.co.uk/clients.htm" "Mozilla/4.0 (compatible; MSIE 7.0; Windows NT 5.1; .NET CLR 2.0.50727; InfoPath.2)"
IP  - - [02/Sep/2008:09:08:41 +0000] "GET /poker/HomeOfPoker.mov HTTP/1.1" 404 306 "-" "Mozilla/4.0 (compatible; MSIE 7.0; Windows NT 5.1; .NET CLR 2.0.50727; InfoPath.2)"
IP  - - [02/Sep/2008:09:08:47 +0000] "GET /about.htm HTTP/1.1" 200 5579 "http://www.giantmedia.co.uk/clients.htm" "Mozilla/4.0 (compatible; MSIE 7.0; Windows NT 5.1; .NET CLR 2.0.50727; InfoPath.2)"
IP  - - [02/Sep/2008:09:08:47 +0000] "GET /images/aboutLeftHeader.gif HTTP/1.1" 200 3398 "http://www.giantmedia.co.uk/about.htm" "Mozilla/4.0 (compatible; MSIE 7.0; Windows NT 5.1; .NET CLR 2.0.50727; InfoPath.2)"
IP  - - [02/Sep/2008:09:08:48 +0000] "GET /images/aboutRightHeader.gif HTTP/1.1" 200 20395 "http://www.giantmedia.co.uk/about.htm" "Mozilla/4.0 (compatible; MSIE 7.0; Windows NT 5.1; .NET CLR 2.0.50727; InfoPath.2)"
IP  - - [02/Sep/2008:09:43:53 +0000] "GET / HTTP/1.0" 200 4919 "-" "Mozilla/4.0 (compatible; MSIE 7.0; Windows NT 5.1; .NET CLR 2.0.50727; Zune 2.0; .NET CLR 1.1.4322)"
IP  - - [02/Sep/2008:10:36:38 +0000] "GET /ads/AlpineTracks256.wmv HTTP/1.0" 200 3262622 "http://www.alpinetracks.co.uk/usefullinks.html" "Mozilla/4.0 (compatible; MSIE 6.0; Windows NT 5.1; SV1; CEREDOM; .NET CLR 1.1.4322; .NET CLR 2.0.50727)"
IP  - - [02/Sep/2008:11:25:32 +0000] "GET / HTTP/1.0" 200 4919 "-" "Mozilla/4.0 (compatible; MSIE 7.0; Windows NT 5.1; YPC 3.0.3; .NET CLR 1.1.4322; .NET CLR 2.0.50727; yplus 5.1.04b)"
IP  - - [02/Sep/2008:11:47:54 +0000] "GET /clients.htm HTTP/1.0" 200 7371 "-" "Mozilla/5.0 (compatible; Yahoo! Slurp; http://help.yahoo.com/help/us/ysearch/slurp)"
IP  - - [02/Sep/2008:13:15:36 +0000] "GET / HTTP/1.0" 200 4919 "-" "Mozilla/4.0 (compatible; MSIE 6.0; Windows NT 5.1; sbcydsl 3.12; YComp IP ; SV1; .NET CLR 1.1.4322; yplus 3.01)"
IP  - - [02/Sep/2008:14:28:51 +0000] "GET /ads/LaRetraire256.wmv HTTP/1.1" 200 2043628 "http://www.chamonixchalet.net/availability.ink?chaletid=3" "Mozilla/4.0 (compatible; MSIE 7.0; Windows NT 6.0; SLCC1; .NET CLR 2.0.50727; Media Center PC 5.0; .NET CLR 3.0.04506)"
IP  - - [02/Sep/2008:14:32:43 +0000] "GET /clients.htm HTTP/1.1" 304 - "-" "msnbot/1.1 (+http://search.msn.com/msnbot.htm)"
IP  - - [02/Sep/2008:14:34:12 +0000] "GET /clients.htm HTTP/1.0" 200 7371 "http://search.live.com/results.aspx?q=streaming" "Mozilla/4.0 (compatible; MSIE 6.0; Windows NT 5.2; SV1; .NET CLR 1.1.4322)"
IP  - - [02/Sep/2008:14:34:12 +0000] "GET /style.css HTTP/1.0" 200 4405 "http://giantstreaming.com/clients.htm" "Mozilla/4.0 (compatible; MSIE 6.0; Windows NT 5.2; SV1; .NET CLR 1.1.4322)"
IP  - - [02/Sep/2008:14:53:37 +0000] "HEAD / HTTP/1.1" 200 0 "http://www.netcraft.com/survey/" "Mozilla/4.0 (compatible; Netcraft Web Server Survey)"
IP  - - [02/Sep/2008:15:22:53 +0000] "OPTIONS * HTTP/1.0" 200 - "-" "-"
IP  - - [02/Sep/2008:15:25:09 +0000] "HEAD / HTTP/1.1" 200 0 "http://www.netcraft.com/survey/" "Mozilla/4.0 (compatible; Netcraft Web Server Survey)"
IP  - - [02/Sep/2008:15:49:51 +0000] "GET /ads/LaRetraire256.wmv HTTP/1.1" 200 69770 "http://www.chamonixchalet.net/default.ink" "Mozilla/4.0 (compatible; MSIE 7.0; Windows NT 6.0; Sky Broadband; SLCC1; .NET CLR 2.0.50727; Media Center PC 5.0; .NET CLR 3.0.04506)"
IP  - - [02/Sep/2008:15:49:59 +0000] "GET /ads/LaRetraire256.wmv HTTP/1.1" 200 2043628 "-" "NSPlayer/11.00.6000.6324 WMFSDK/11.00.6000.6324"
IP  - - [02/Sep/2008:15:50:06 +0000] "GET /ads/LaRetraire256.wmv HTTP/1.1" 200 2043628 "-" "NSPlayer/11.00.6000.6324 WMFSDK/11.00.6000.6324"
IP  - - [02/Sep/2008:15:50:18 +0000] "GET /ads/LaRetraire256.wmv HTTP/1.1" 200 357391 "-" "NSPlayer/11.00.6000.6324 WMFSDK/11.00.6000.6324"
IP  - - [02/Sep/2008:15:51:52 +0000] "GET /ads/LaCachette256.wmv HTTP/1.1" 200 34730 "http://www.chamonixchalet.net/default.ink" "Mozilla/4.0 (compatible; MSIE 7.0; Windows NT 6.0; Sky Broadband; SLCC1; .NET CLR 2.0.50727; Media Center PC 5.0; .NET CLR 3.0.04506)"
IP  - - [02/Sep/2008:15:51:53 +0000] "GET /ads/LaCachette256.wmv HTTP/1.1" 200 141310 "-" "NSPlayer/11.00.6000.6324 WMFSDK/11.00.6000.6324"
IP  - - [02/Sep/2008:15:52:02 +0000] "GET /ads/LaCachette256.wmv HTTP/1.1" 200 2765784 "-" "NSPlayer/11.00.6000.6324 WMFSDK/11.00.6000.6324"
IP  - - [02/Sep/2008:16:02:42 +0000] "GET /zink/robots.txt HTTP/1.0" 404 288 "-" "Mozilla/5.0 (compatible; Ask Jeeves/Teoma; +http://about.ask.com/en/docs/about/webmasters.shtml)"
IP  - - [02/Sep/2008:16:02:43 +0000] "GET /zink/ HTTP/1.0" 200 915 "-" "Mozilla/5.0 (compatible; Ask Jeeves/Teoma; +http://about.ask.com/en/docs/about/webmasters.shtml)"
IP  - - [02/Sep/2008:17:26:58 +0000] "GET / HTTP/1.0" 200 4919 "http://www.chamonixchalet.net/video.ink" "Mozilla/5.0 (Windows; U; Windows NT 5.1; en-US; rv:1.8.1.7pre) Gecko/20070815 Firefox/IP  Navigator/9.0b3"
IP  - - [02/Sep/2008:17:36:25 +0000] "GET / HTTP/1.1" 304 - "-" "msnbot/1.1 (+http://search.msn.com/msnbot.htm)"
IP  - - [02/Sep/2008:18:00:28 +0000] "GET /skimorgins/WinterActivities.mov HTTP/1.1" 200 142768 "http://www.skimorgins.co.uk/movie_clips/winter.htm" "Mozilla/4.0 (compatible; MSIE 7.0; Windows NT 6.0; SLCC1; .NET CLR 2.0.50727; Media Center PC 5.0; .NET CLR 3.0.04506)"
IP  - - [02/Sep/2008:18:00:46 +0000] "GET /skimorgins/AdultsIntro.mov HTTP/1.1" 200 88749 "http://www.skimorgins.co.uk/movie_clips/winter.htm" "Mozilla/4.0 (compatible; MSIE 7.0; Windows NT 6.0; SLCC1; .NET CLR 2.0.50727; Media Center PC 5.0; .NET CLR 3.0.04506)"
IP  - - [02/Sep/2008:18:37:39 +0000] "GET /cyp/CyprusGolf256.wmv HTTP/1.1" 200 55170 "http://www.cyprus-golf-villas.net/default.ink" "Mozilla/4.0 (compatible; MSIE 6.0; Windows NT 5.1; SV1; YPC 3.2.0; .NET CLR 1.0.3705; .NET CLR 1.1.4322; Media Center PC 4.0; .NET CLR 2.0.50727; InfoPath.1; yplus 5.3.04b)"
IP  - - [02/Sep/2008:18:37:41 +0000] "GET /cyp/CyprusGolf256.wmv HTTP/1.1" 200 27487 "-" "NSPlayer/10.0.0.4332"
IP  - - [02/Sep/2008:18:38:40 +0000] "GET /cyp/CyprusGolf256.wmv HTTP/1.1" 206 5267304 "-" "NSPlayer/10.0.0.4357 WMFSDK/10.0"
IP  - - [02/Sep/2008:18:39:35 +0000] "GET /ads/CyprusVilla256.wmv HTTP/1.1" 200 20130 "http://www.cyprus-golf-villas.net/default.ink" "Mozilla/4.0 (compatible; MSIE 6.0; Windows NT 5.1; SV1; YPC 3.2.0; .NET CLR 1.0.3705; .NET CLR 1.1.4322; Media Center PC 4.0; .NET CLR 2.0.50727; InfoPath.1; yplus 5.3.04b)"
IP  - - [02/Sep/2008:18:40:00 +0000] "GET /ads/CyprusVilla256.wmv HTTP/1.1" 206 2224458 "-" "NSPlayer/10.0.0.4357 WMFSDK/10.0"
IP  - - [02/Sep/2008:19:45:01 +0000] "GET /skimorgins/AdultsIntro.wmv HTTP/1.0" 200 804816 "-" "Mozilla/5.0 (compatible; Yahoo! Slurp; http://help.yahoo.com/help/us/ysearch/slurp)"
IP  - - [02/Sep/2008:20:48:31 +0000] "GET /formats.htm HTTP/1.1" 304 - "-" "msnbot/1.1 (+http://search.msn.com/msnbot.htm)"
IP  - - [02/Sep/2008:21:31:06 +0000] "GET /ads/LaCachette256.wmv HTTP/1.1" 200 76568 "http://www.chamonixchalet.net/Chalet1_Description.ink" "Mozilla/4.0 (compatible; MSIE 7.0; Windows NT 6.0; SLCC1; .NET CLR 2.0.50727; Media Center PC 5.0; .NET CLR 3.0.04506)"
IP  - - [02/Sep/2008:21:31:18 +0000] "GET /ads/LaCachette256.wmv HTTP/1.1" 200 2765784 "-" "NSPlayer/11.00.6000.6324 WMFSDK/11.00.6000.6324"
IP  - - [02/Sep/2008:21:32:46 +0000] "GET /ads/LaCachette256.wmv HTTP/1.1" 200 916068 "-" "NSPlayer/11.00.6000.6324 WMFSDK/11.00.6000.6324"
IP  - - [03/Sep/2008:04:19:56 +0000] "GET / HTTP/1.0" 200 4919 "-" "Mozilla/4.0 (compatible; MSIE 6.0; Windows NT 5.1; SV1; FunWebProducts; .NET CLR 1.0.3705; .NET CLR 1.1.4322; Media Center PC 4.0; PeoplePal 3.0; HbTools 4.8.4)"
IP  - - [03/Sep/2008:08:11:35 +0000] "GET / HTTP/1.1" 200 4919 "http://www.chamonixchalet.net/Chalet3_Video.ink" "Mozilla/4.0 (compatible; MSIE 7.0; Windows NT 5.1; InfoPath.1; .NET CLR 2.0.50727)"
IP  - - [03/Sep/2008:08:11:35 +0000] "GET /style.css HTTP/1.1" 200 4405 "http://www.giantmedia.co.uk/" "Mozilla/4.0 (compatible; MSIE 7.0; Windows NT 5.1; InfoPath.1; .NET CLR 2.0.50727)"
IP  - - [03/Sep/2008:08:11:38 +0000] "GET /images/giantLogo.gif HTTP/1.1" 200 1247 "http://www.giantmedia.co.uk/" "Mozilla/4.0 (compatible; MSIE 7.0; Windows NT 5.1; InfoPath.1; .NET CLR 2.0.50727)"
IP  - - [03/Sep/2008:08:11:38 +0000] "GET /images/headerDiv.png HTTP/1.1" 200 158 "http://www.giantmedia.co.uk/" "Mozilla/4.0 (compatible; MSIE 7.0; Windows NT 5.1; InfoPath.1; .NET CLR 2.0.50727)"
IP  - - [03/Sep/2008:08:11:39 +0000] "GET /images/homeSquare.gif HTTP/1.1" 200 45 "http://www.giantmedia.co.uk/" "Mozilla/4.0 (compatible; MSIE 7.0; Windows NT 5.1; InfoPath.1; .NET CLR 2.0.50727)"
IP  - - [03/Sep/2008:08:11:39 +0000] "GET /images/clientSquare.gif HTTP/1.1" 200 45 "http://www.giantmedia.co.uk/" "Mozilla/4.0 (compatible; MSIE 7.0; Windows NT 5.1; InfoPath.1; .NET CLR 2.0.50727)"
IP  - - [03/Sep/2008:08:11:39 +0000] "GET /images/formatsSquare.gif HTTP/1.1" 200 45 "http://www.giantmedia.co.uk/" "Mozilla/4.0 (compatible; MSIE 7.0; Windows NT 5.1; InfoPath.1; .NET CLR 2.0.50727)"
IP  - - [03/Sep/2008:08:11:39 +0000] "GET /images/aboutSquare.gif HTTP/1.1" 200 45 "http://www.giantmedia.co.uk/" "Mozilla/4.0 (compatible; MSIE 7.0; Windows NT 5.1; InfoPath.1; .NET CLR 2.0.50727)"
IP  - - [03/Sep/2008:08:11:40 +0000] "GET /images/homeLeftHeader.gif HTTP/1.1" 200 3287 "http://www.giantmedia.co.uk/" "Mozilla/4.0 (compatible; MSIE 7.0; Windows NT 5.1; InfoPath.1; .NET CLR 2.0.50727)"
IP  - - [03/Sep/2008:08:11:41 +0000] "GET /images/homeRightHeader.gif HTTP/1.1" 200 27841 "http://www.giantmedia.co.uk/" "Mozilla/4.0 (compatible; MSIE 7.0; Windows NT 5.1; InfoPath.1; .NET CLR 2.0.50727)"
IP  - - [03/Sep/2008:08:11:41 +0000] "GET /images/design2_10.gif HTTP/1.1" 200 1671 "http://www.giantmedia.co.uk/" "Mozilla/4.0 (compatible; MSIE 7.0; Windows NT 5.1; InfoPath.1; .NET CLR 2.0.50727)"
IP  - - [03/Sep/2008:08:11:42 +0000] "GET /images/tick.gif HTTP/1.1" 200 95 "http://www.giantmedia.co.uk/" "Mozilla/4.0 (compatible; MSIE 7.0; Windows NT 5.1; InfoPath.1; .NET CLR 2.0.50727)"
IP  - - [03/Sep/2008:08:42:06 +0000] "GET /ads/LaRetraire256.wmv HTTP/1.0" 200 494630 "http://www.chamonixchalet.net/availability.ink?chaletid=3" "Mozilla/4.0 (compatible; MSIE 6.0; Windows NT 5.2; SV1; .NET CLR 1.1.4322; .NET CLR 2.0.50727)"
IP  - - [03/Sep/2008:08:42:08 +0000] "GET /ads/LaRetraire256.wmv HTTP/1.0" 200 338448 "-" "NSPlayer/10.0.0.3700"
IP  - - [03/Sep/2008:08:42:12 +0000] "GET /ads/LaRetraire256.wmv HTTP/1.0" 200 2043628 "-" "NSPlayer/10.0.0.3708 WMFSDK/10.0"
IP  - - [03/Sep/2008:10:00:58 +0000] "GET / HTTP/1.0" 200 4919 "-" "Mozilla/5.0 (compatible; Ask Jeeves/Teoma; +http://about.ask.com/en/docs/about/webmasters.shtml)"
IP  - - [03/Sep/2008:11:17:49 +0000] "GET /ads/CyprusVilla768.wmv HTTP/1.0" 200 207010 "http://www.cyprus-golf-villas.net/video.ink" "Mozilla/4.0 (compatible; MSIE 6.0; Windows NT 5.1; SV1; .NET CLR 1.1.4322; .NET CLR 2.0.50727)"
IP  - - [03/Sep/2008:11:17:50 +0000] "GET /ads/CyprusVilla768.wmv HTTP/1.0" 200 40570 "-" "NSPlayer/11.0.5721.5145"
IP  - - [03/Sep/2008:11:18:03 +0000] "GET /ads/CyprusVilla768.wmv HTTP/1.0" 206 6852302 "-" "NSPlayer/11.0.5721.5145 WMFSDK/11.0"
IP  - - [03/Sep/2008:11:44:22 +0000] "GET / HTTP/1.1" 200 4919 "http://www.BigFinder.de/" "Mozilla/4.0 (compatible; MSIE 6.0; Windows NT 5.1; de)"
IP  - - [03/Sep/2008:11:44:22 +0000] "GET / HTTP/1.0" 200 4919 "-" "-"
IP  - - [03/Sep/2008:11:44:22 +0000] "GET / HTTP/1.0" 200 4919 "-" "-"
IP  - - [03/Sep/2008:12:07:51 +0000] "GET /about.htm HTTP/1.0" 200 5579 "-" "Mozilla/5.0 (compatible; Yahoo! Slurp; http://help.yahoo.com/help/us/ysearch/slurp)"
IP  - - [03/Sep/2008:12:33:16 +0000] "GET /cyp/CyprusGolf768.wmv HTTP/1.1" 200 34729 "http://www.cyprusgolfvillas.net/Videos.ink" "Mozilla/4.0 (compatible; MSIE 7.0; Windows NT 6.0; WOW64; SLCC1; .NET CLR 2.0.50727; .NET CLR 3.0.04506; Media Center PC 5.0; InfoPath.2)"
IP  - - [03/Sep/2008:12:33:16 +0000] "GET /cyp/CyprusGolf768.wmv HTTP/1.1" 200 364689 "-" "NSPlayer/11.00.6001.7000 WMFSDK/11.00.6001.7000"
IP  - - [03/Sep/2008:12:33:44 +0000] "GET /cyp/CyprusGolf768.wmv HTTP/1.1" 200 16438518 "-" "NSPlayer/11.00.6001.7000 WMFSDK/11.00.6001.7000"
IP  - - [03/Sep/2008:12:51:21 +0000] "GET / HTTP/1.0" 200 4919 "-" "Mozilla/4.0 (compatible; MSIE 6.0; Windows NT 5.1; SV1; .NET CLR 1.0.3705; .NET CLR 1.1.4322; Media Center PC 3.1; .NET CLR 2.0.50727; SpamBlockerUtility 4.8.4; InfoPath.1)"
IP  - - [03/Sep/2008:13:11:40 +0000] "GET /ads/LaCachette256.wmv HTTP/1.1" 200 155630 "http://www.chamonixchalet.net/default.ink" "Mozilla/4.0 (compatible; MSIE 6.0; Windows NT 5.1; SV1; .NET CLR 1.1.4322; .NET CLR 2.0.50727)"
IP  - - [03/Sep/2008:13:11:45 +0000] "GET /ads/LaCachette256.wmv HTTP/1.1" 200 34247 "-" "NSPlayer/11.0.5721.5145"
IP  - - [03/Sep/2008:13:11:52 +0000] "GET /ads/LaCachette256.wmv HTTP/1.1" 206 2763334 "-" "NSPlayer/11.0.5721.5145 WMFSDK/11.0"
IP  - - [03/Sep/2008:15:23:15 +0000] "GET / HTTP/1.0" 200 4919 "-" "Mozilla/4.0 (compatible; MSIE 7.0; Windows NT 5.1; TeomaBar 2.01; .NET CLR 1.1.4322; IEMB3; IEMB3)"
IP  - - [03/Sep/2008:15:40:28 +0000] "GET /skimorgins/AdultsIntro.wmv HTTP/1.1" 200 428930 "http://www.skimorgins.co.uk/movie_clips/winter.htm" "Mozilla/4.0 (compatible; MSIE 6.0; Windows NT 5.1; SV1; .NET CLR 1.1.4322; .NET CLR 2.0.50727; InfoPath.1)"
IP  - - [03/Sep/2008:15:40:31 +0000] "GET /skimorgins/AdultsIntro.wmv HTTP/1.1" 200 461050 "-" "NSPlayer/10.0.0.3802"
IP  - - [03/Sep/2008:15:40:43 +0000] "GET /skimorgins/AdultsIntro.wmv HTTP/1.1" 206 1839234 "-" "NSPlayer/10.0.0.3802 WMFSDK/10.0"
IP  - - [03/Sep/2008:16:24:23 +0000] "GET /ads/CyprusVilla768.wmv HTTP/1.1" 200 209930 "http://www.cyprus-golf-villas.net/video.ink" "Mozilla/4.0 (compatible; MSIE 7.0; Windows NT 6.0; SLCC1; .NET CLR 2.0.50727; Media Center PC 5.0; .NET CLR 3.0.04506)"
IP  - - [03/Sep/2008:16:24:36 +0000] "GET /ads/CyprusVilla768.wmv HTTP/1.1" 200 6859292 "-" "NSPlayer/11.00.6000.6324 WMFSDK/11.00.6000.6324"
IP  - - [03/Sep/2008:16:25:53 +0000] "GET /cyp/CyprusGolf256.wmv HTTP/1.1" 200 98970 "http://www.cyprus-golf-villas.net/video.ink" "Mozilla/4.0 (compatible; MSIE 7.0; Windows NT 6.0; SLCC1; .NET CLR 2.0.50727; Media Center PC 5.0; .NET CLR 3.0.04506)"
IP  - - [03/Sep/2008:16:26:16 +0000] "GET /cyp/CyprusGolf256.wmv HTTP/1.1" 200 5268454 "-" "NSPlayer/11.00.6000.6324 WMFSDK/11.00.6000.6324"
IP  - - [03/Sep/2008:16:29:24 +0000] "-" 408 - "-" "-"
IP  - - [03/Sep/2008:16:29:26 +0000] "-" 408 - "-" "-"
IP  - - [03/Sep/2008:16:30:43 +0000] "GET /ads/CyprusVilla256.wmv HTTP/1.1" 200 77070 "http://www.cyprus-golf-villas.net/newsindex.ink" "Mozilla/4.0 (compatible; MSIE 7.0; Windows NT 6.0; SLCC1; .NET CLR 2.0.50727; Media Center PC 5.0; .NET CLR 3.0.04506)"
IP  - - [03/Sep/2008:16:30:47 +0000] "GET /ads/CyprusVilla256.wmv HTTP/1.1" 200 2225608 "-" "NSPlayer/11.00.6000.6324 WMFSDK/11.00.6000.6324"
IP  - - [03/Sep/2008:16:30:54 +0000] "-" 408 - "-" "-"
IP  - - [03/Sep/2008:17:22:02 +0000] "GET /ads/CyprusVilla768.wmv HTTP/1.1" 206 6855850 "-" "Mozilla/4.0 (compatible; MSIE 7.0; Windows NT 6.0; SLCC1; .NET CLR 2.0.50727; Media Center PC 5.0; .NET CLR 3.0.04506)"
IP  - - [03/Sep/2008:17:22:21 +0000] "GET /cyp/CyprusGolf256.wmv HTTP/1.1" 206 5265012 "-" "Mozilla/4.0 (compatible; MSIE 7.0; Windows NT 6.0; SLCC1; .NET CLR 2.0.50727; Media Center PC 5.0; .NET CLR 3.0.04506)"
IP  - - [03/Sep/2008:19:23:31 +0000] "GET /pds/MorzineKids256.mov HTTP/1.1" 200 593369 "http://www.skimorzine.com/planning/families.php" "Mozilla/5.0 (Macintosh; U; Intel Mac OS X 10_5_4; en-us) AppleWebKit/525.18 (KHTML, like Gecko) Version/3.1.2 Safari/525.20.1"
IP  - - [03/Sep/2008:19:23:33 +0000] "GET /pds/MorzineKids256.mov HTTP/1.1" 200 1467643 "-" "QuickTime/7.5 (qtver=7.5;cpu=IA32;os=Mac 10.5.4)"
IP  - - [03/Sep/2008:19:32:24 +0000] "GET /skimorgins/SwissKids.wmv HTTP/1.0" 200 253360 "-" "Mozilla/5.0 (Yahoo-Test/4.0; mailto:vertical-crawl-support@yahoo-inc.com)"
IP  - - [03/Sep/2008:20:42:15 +0000] "GET /skimorgins/SwissKids.wmv HTTP/1.0" 200 207520 "-" "Mozilla/5.0 (Yahoo-Test/4.0; mailto:vertical-crawl-support@yahoo-inc.com)"
IP  - - [03/Sep/2008:21:11:19 +0000] "GET /skimorgins/SwissKids.wmv HTTP/1.0" 200 258200 "-" "Mozilla/5.0 (Yahoo-Test/4.0; mailto:vertical-crawl-support@yahoo-inc.com)"
IP  - - [03/Sep/2008:21:54:04 +0000] "GET /skimorgins/WinterActivities.mov HTTP/1.0" 200 263262 "-" "Mozilla/5.0 (Yahoo-Test/4.0; mailto:vertical-crawl-support@yahoo-inc.com)"
IP  - - [03/Sep/2008:22:03:25 +0000] "GET /skimorgins/AdultSki.wmv HTTP/1.0" 200 259648 "-" "Mozilla/5.0 (Yahoo-Test/4.0; mailto:vertical-crawl-support@yahoo-inc.com)"
IP  - - [03/Sep/2008:22:06:24 +0000] "GET /skimorgins/WinterActivities.wmv HTTP/1.0" 200 271951 "-" "Mozilla/5.0 (Yahoo-Test/4.0; mailto:vertical-crawl-support@yahoo-inc.com)"
IP  - - [03/Sep/2008:22:17:47 +0000] "GET /skimorgins/SwissKids.wmv HTTP/1.0" 200 343632 "-" "Mozilla/5.0 (Yahoo-Test/4.0; mailto:vertical-crawl-support@yahoo-inc.com)"
IP  - - [03/Sep/2008:23:00:07 +0000] "GET /skimorgins/SwissKids.wmv HTTP/1.0" 200 271232 "-" "Mozilla/5.0 (Yahoo-Test/4.0; mailto:vertical-crawl-support@yahoo-inc.com)"
IP  - - [03/Sep/2008:23:06:40 +0000] "GET /skimorgins/WinterActivities.mov HTTP/1.0" 200 249512 "-" "Mozilla/5.0 (Yahoo-Test/4.0; mailto:vertical-crawl-support@yahoo-inc.com)"
IP  - - [03/Sep/2008:23:07:29 +0000] "GET /skimorgins/AdultSki.wmv HTTP/1.0" 200 250231 "-" "Mozilla/5.0 (Yahoo-Test/4.0; mailto:vertical-crawl-support@yahoo-inc.com)"
IP  - - [03/Sep/2008:23:09:03 +0000] "GET /skimorgins/WinterActivities.wmv HTTP/1.0" 200 256752 "-" "Mozilla/5.0 (Yahoo-Test/4.0; mailto:vertical-crawl-support@yahoo-inc.com)"
IP  - - [03/Sep/2008:23:23:43 +0000] "GET /skimorgins/WinterActivities.wmv HTTP/1.1" 200 34969 "http://www.skimorgins.co.uk/movie_clips/winter.htm" "Mozilla/4.0 (compatible; MSIE 7.0; Windows NT 5.1; .NET CLR 1.0.3705; .NET CLR 1.1.4322; Media Center PC 4.0; .NET CLR 2.0.50727)"
IP  - - [03/Sep/2008:23:23:45 +0000] "GET /skimorgins/WinterActivities.wmv HTTP/1.1" 200 35026 "-" "NSPlayer/11.0.5721.5145"
IP  - - [03/Sep/2008:23:24:13 +0000] "GET /skimorgins/WinterActivities.wmv HTTP/1.1" 206 10634617 "-" "NSPlayer/11.0.5721.5145 WMFSDK/11.0"
IP  - - [03/Sep/2008:23:25:47 +0000] "GET /skimorgins/AdultSki.wmv HTTP/1.1" 200 34969 "http://www.skimorgins.co.uk/movie_clips/winter.htm" "Mozilla/4.0 (compatible; MSIE 7.0; Windows NT 5.1; .NET CLR 1.0.3705; .NET CLR 1.1.4322; Media Center PC 4.0; .NET CLR 2.0.50727)"
IP  - - [03/Sep/2008:23:26:16 +0000] "GET /skimorgins/AdultSki.wmv HTTP/1.1" 206 10169449 "-" "NSPlayer/11.0.5721.5145 WMFSDK/11.0"
IP  - - [03/Sep/2008:23:29:05 +0000] "GET /skimorgins/AdultsIntro.wmv HTTP/1.1" 200 34970 "http://www.skimorgins.co.uk/movie_clips/winter.htm" "Mozilla/4.0 (compatible; MSIE 7.0; Windows NT 5.1; .NET CLR 1.0.3705; .NET CLR 1.1.4322; Media Center PC 4.0; .NET CLR 2.0.50727)"
IP  - - [03/Sep/2008:23:29:23 +0000] "GET /skimorgins/AdultsIntro.wmv HTTP/1.1" 206 6412674 "-" "NSPlayer/11.0.5721.5145 WMFSDK/11.0"
IP  - - [03/Sep/2008:23:48:19 +0000] "GET /formats.htm HTTP/1.0" 200 12708 "http://www.giantmedia.co.uk/formats.htm" "Mozilla/4.0 (compatible; MSIE 5.5; Windows NT 5.0; .NET CLR 1.1.4322)"
IP  - - [04/Sep/2008:00:06:36 +0000] "GET /skimorgins/SwissKids.wmv HTTP/1.0" 200 278472 "-" "Mozilla/5.0 (Yahoo-Test/4.0; mailto:vertical-crawl-support@yahoo-inc.com)"
IP  - - [04/Sep/2008:00:10:54 +0000] "GET /ads/LaCachette256.wmv HTTP/1.1" 200 2765784 "http://www.chamonixchalet.net/Chalet3_Video.ink" "Mozilla/4.0 (compatible; MSIE 6.0; Windows NT 5.0; S.N.O.W.2; InfoPath.1; .NET CLR 1.1.4322; .NET CLR 2.0.50727)"
IP  - - [04/Sep/2008:00:13:00 +0000] "GET /skimorgins/AdultSki.wmv HTTP/1.0" 200 270503 "-" "Mozilla/5.0 (Yahoo-Test/4.0; mailto:vertical-crawl-support@yahoo-inc.com)"
IP  - - [04/Sep/2008:01:04:30 +0000] "GET /skimorgins/KidsWinter.mov HTTP/1.0" 200 255304 "-" "Mozilla/5.0 (Yahoo-Test/4.0; mailto:vertical-crawl-support@yahoo-inc.com)"
IP  - - [04/Sep/2008:01:16:15 +0000] "GET /skimorgins/SwissKids.wmv HTTP/1.0" 200 274128 "-" "Mozilla/5.0 (Yahoo-Test/4.0; mailto:vertical-crawl-support@yahoo-inc.com)"
IP  - - [04/Sep/2008:01:21:16 +0000] "GET /skimorgins/AdultSki.wmv HTTP/1.0" 200 277743 "-" "Mozilla/5.0 (Yahoo-Test/4.0; mailto:vertical-crawl-support@yahoo-inc.com)"
IP  - - [04/Sep/2008:01:30:03 +0000] "GET /ads/LaCachette768.wmv HTTP/1.1" 200 20168 "http://www.singingfish.com" "asterias/2.0"
IP  - - [04/Sep/2008:01:30:10 +0000] "GET /ads/LaCachette256.wmv HTTP/1.1" 200 20168 "http://www.singingfish.com" "asterias/2.0"
IP  - - [04/Sep/2008:01:55:01 +0000] "GET /zink/ HTTP/1.1" 200 915 "-" "Mozilla/5.0 (Windows; U; Windows NT 5.1; fr; rv:1.8.1) VoilaBot BETA 1.2 (support.voilabot@orange-ftgroup.com)"
IP  - - [04/Sep/2008:02:00:52 +0000] "GET / HTTP/1.0" 200 4919 "-" "Mozilla/5.0 (compatible; Yahoo! Slurp; http://help.yahoo.com/help/us/ysearch/slurp)"
IP  - - [04/Sep/2008:02:06:01 +0000] "GET /skimorgins/KidsWinter.mov HTTP/1.0" 200 273399 "-" "Mozilla/5.0 (Yahoo-Test/4.0; mailto:vertical-crawl-support@yahoo-inc.com)"
IP  - - [04/Sep/2008:02:26:50 +0000] "GET /skimorgins/SwissKids.wmv HTTP/1.0" 200 207520 "-" "Mozilla/5.0 (Yahoo-Test/4.0; mailto:vertical-crawl-support@yahoo-inc.com)"
IP  - - [04/Sep/2008:02:29:01 +0000] "GET /skimorgins/AdultSki.wmv HTTP/1.0" 200 269055 "-" "Mozilla/5.0 (Yahoo-Test/4.0; mailto:vertical-crawl-support@yahoo-inc.com)"
IP  - - [04/Sep/2008:02:32:14 +0000] "GET /virgin/PokerEtiquetteSeq.wmv HTTP/1.1" 200 20170 "http://www.singingfish.com" "asterias/2.0"
IP  - - [04/Sep/2008:02:44:53 +0000] "GET /skimorgins/SwissKids.wmv HTTP/1.0" 200 272680 "-" "Mozilla/5.0 (Yahoo-Test/4.0; mailto:vertical-crawl-support@yahoo-inc.com)"
IP  - - [04/Sep/2008:02:45:13 +0000] "GET /skimorgins/AdultSki.wmv HTTP/1.0" 200 237928 "-" "Mozilla/5.0 (Yahoo-Test/4.0; mailto:vertical-crawl-support@yahoo-inc.com)"
IP  - - [04/Sep/2008:03:53:16 +0000] "GET /skimorgins/AdultSki.wmv HTTP/1.0" 200 256752 "-" "Mozilla/5.0 (Yahoo-Test/4.0; mailto:vertical-crawl-support@yahoo-inc.com)"
IP  - - [04/Sep/2008:04:05:10 +0000] "GET /poker/HeatFive.mov HTTP/1.0" 404 291 "-" "contype"
IP  - - [04/Sep/2008:05:02:45 +0000] "GET /skimorgins/AdultSki.wmv HTTP/1.0" 200 202447 "-" "Mozilla/5.0 (Yahoo-Test/4.0; mailto:vertical-crawl-support@yahoo-inc.com)"
IP  - - [04/Sep/2008:05:46:10 +0000] "GET /clients.htm HTTP/1.1" 200 7371 "-" "Mozilla/5.0 (compatible; Charlotte/1.1; http://www.searchme.com/support/)"
IP  - - [04/Sep/2008:06:12:53 +0000] "GET /skimorgins/AdultSki.wmv HTTP/1.0" 200 332767 "-" "Mozilla/5.0 (Yahoo-Test/4.0; mailto:vertical-crawl-support@yahoo-inc.com)"
IP  - - [04/Sep/2008:07:11:39 +0000] "GET / HTTP/1.1" 200 4919 "-" "Mozilla/4.0 (compatible; MSIE 7.0; Windows NT 6.0)"
IP  - - [04/Sep/2008:07:11:40 +0000] "GET /style.css HTTP/1.1" 200 4405 "http://www.giantmedia.co.uk/" "Mozilla/4.0 (compatible; MSIE 7.0; Windows NT 6.0)"
IP  - - [04/Sep/2008:07:11:40 +0000] "GET /images/giantLogo.gif HTTP/1.1" 200 1247 "http://www.giantmedia.co.uk/" "Mozilla/4.0 (compatible; MSIE 7.0; Windows NT 6.0)"
IP  - - [04/Sep/2008:07:11:40 +0000] "GET /images/clientSquare.gif HTTP/1.1" 200 45 "http://www.giantmedia.co.uk/" "Mozilla/4.0 (compatible; MSIE 7.0; Windows NT 6.0)"
IP  - - [04/Sep/2008:07:11:40 +0000] "GET /images/homeSquare.gif HTTP/1.1" 200 45 "http://www.giantmedia.co.uk/" "Mozilla/4.0 (compatible; MSIE 7.0; Windows NT 6.0)"
IP  - - [04/Sep/2008:07:11:40 +0000] "GET /images/formatsSquare.gif HTTP/1.1" 200 45 "http://www.giantmedia.co.uk/" "Mozilla/4.0 (compatible; MSIE 7.0; Windows NT 6.0)"
IP  - - [04/Sep/2008:07:11:40 +0000] "GET /images/aboutSquare.gif HTTP/1.1" 200 45 "http://www.giantmedia.co.uk/" "Mozilla/4.0 (compatible; MSIE 7.0; Windows NT 6.0)"
IP  - - [04/Sep/2008:07:11:40 +0000] "GET /images/homeLeftHeader.gif HTTP/1.1" 200 3287 "http://www.giantmedia.co.uk/" "Mozilla/4.0 (compatible; MSIE 7.0; Windows NT 6.0)"
IP  - - [04/Sep/2008:07:11:40 +0000] "GET /images/homeRightHeader.gif HTTP/1.1" 200 27841 "http://www.giantmedia.co.uk/" "Mozilla/4.0 (compatible; MSIE 7.0; Windows NT 6.0)"
IP  - - [04/Sep/2008:07:11:40 +0000] "GET /images/design2_10.gif HTTP/1.1" 200 1671 "http://www.giantmedia.co.uk/" "Mozilla/4.0 (compatible; MSIE 7.0; Windows NT 6.0)"
IP  - - [04/Sep/2008:07:11:40 +0000] "GET /images/tick.gif HTTP/1.1" 200 95 "http://www.giantmedia.co.uk/" "Mozilla/4.0 (compatible; MSIE 7.0; Windows NT 6.0)"
IP  - - [04/Sep/2008:07:11:41 +0000] "GET /images/headerDiv.png HTTP/1.1" 200 158 "http://www.giantmedia.co.uk/" "Mozilla/4.0 (compatible; MSIE 7.0; Windows NT 6.0)"
IP  - - [04/Sep/2008:08:26:34 +0000] "GET / HTTP/1.1" 200 4919 "-" "Mozilla/5.0 (compatible; Charlotte/1.1; http://www.searchme.com/support/)"
IP  - - [04/Sep/2008:11:21:32 +0000] "GET /skimorgins/KidsSummer.wmv HTTP/1.0" 200 261096 "-" "Mozilla/5.0 (Yahoo-Test/4.0; mailto:vertical-crawl-support@yahoo-inc.com)"
IP  - - [04/Sep/2008:12:31:00 +0000] "GET / HTTP/1.0" 200 4919 "-" "Mozilla/4.0 (compatible; MSIE 7.0; Windows NT 5.1; 1.57.1 ; .NET CLR 1.0.3705; .NET CLR 1.1.4322; .NET CLR 2.0.50727)"
IP  - - [04/Sep/2008:17:52:44 +0000] "GET /formats.htm HTTP/1.1" 200 12708 "-" "Mozilla/4.0 (compatible; MSIE 6.0; Windows NT 5.1; SV1)"
IP  - - [04/Sep/2008:17:52:46 +0000] "GET /index.htm HTTP/1.1" 200 4919 "-" "Mozilla/4.0 (compatible; MSIE 6.0; Windows NT 5.1; SV1)"
IP  - - [04/Sep/2008:17:52:47 +0000] "GET /clients.htm HTTP/1.1" 200 7371 "-" "Mozilla/4.0 (compatible; MSIE 6.0; Windows NT 5.1; SV1)"
IP  - - [04/Sep/2008:17:52:49 +0000] "GET /about.htm HTTP/1.1" 200 5579 "-" "Mozilla/4.0 (compatible; MSIE 6.0; Windows NT 5.1; SV1)"
IP  - - [04/Sep/2008:17:59:50 +0000] "GET / HTTP/1.0" 200 4919 "-" "Mozilla/4.0 (compatible; MSIE 7.0; Windows NT 5.1; FunWebProducts; .NET CLR 1.0.3705; .NET CLR 1.1.4322; Media Center PC 4.0; HbTools 4.8.2)"
IP  - - [04/Sep/2008:19:34:40 +0000] "GET /formats.htm HTTP/1.0" 200 12708 "-" "Mozilla/5.0 (compatible; Yahoo! Slurp; http://help.yahoo.com/help/us/ysearch/slurp)"
IP  - - [04/Sep/2008:20:15:35 +0000] "GET /ads/CyprusVilla256.wmv HTTP/1.1" 200 74150 "http://www.cyprus-golf-villas.net/default.ink" "Mozilla/4.0 (compatible; MSIE 6.0; Windows NT 5.1; SV1; Sky Broadband; .NET CLR 1.0.3705; Sky Broadband)"
IP  - - [04/Sep/2008:20:15:43 +0000] "GET /ads/CyprusVilla256.wmv HTTP/1.1" 200 27487 "-" "NSPlayer/9.0.0.3250"
IP  - - [04/Sep/2008:20:15:58 +0000] "GET /ads/CyprusVilla256.wmv HTTP/1.1" 206 2221538 "-" "NSPlayer/9.0.0.3267 WMFSDK/9.0"
IP  - - [04/Sep/2008:21:31:10 +0000] "GET /ads/LaCachette256.wmv HTTP/1.1" 200 334030 "http://www.chamonixchalet.net/default.ink" "Mozilla/4.0 (compatible; MSIE 7.0; Windows NT 5.1; FunWebProducts; Sky Broadband; .NET CLR 1.1.4322; .NET CLR 2.0.50727)"
IP  - - [04/Sep/2008:21:31:13 +0000] "GET /ads/LaCachette256.wmv HTTP/1.1" 200 53767 "-" "NSPlayer/11.0.5721.5145"
IP  - - [04/Sep/2008:21:31:26 +0000] "GET /ads/LaCachette256.wmv HTTP/1.1" 206 2757592 "-" "NSPlayer/11.0.5721.5145 WMFSDK/11.0"
IP  - - [04/Sep/2008:21:32:16 +0000] "GET /zink/ HTTP/1.1" 200 915 "-" "Mozilla/5.0 (Windows; U; Windows NT 5.1; fr; rv:1.8.1) VoilaBot BETA 1.2 (support.voilabot@orange-ftgroup.com)"
IP  - - [04/Sep/2008:21:33:06 +0000] "GET /ads/LaRetraire256.wmv HTTP/1.1" 200 237670 "http://www.chamonixchalet.net/default.ink" "Mozilla/4.0 (compatible; MSIE 7.0; Windows NT 5.1; FunWebProducts; Sky Broadband; .NET CLR 1.1.4322; .NET CLR 2.0.50727)"
IP  - - [04/Sep/2008:21:33:16 +0000] "GET /ads/LaRetraire256.wmv HTTP/1.1" 206 2035436 "-" "NSPlayer/11.0.5721.5145 WMFSDK/11.0"
IP  - - [04/Sep/2008:23:02:03 +0000] "GET / HTTP/1.1" 200 4919 "-" "Mozilla/5.0 (X11; U; Linux i686; en-US; rv:1.7.12; ips-agent) Gecko/20050922 Fedora/1.0.7-1.1.fc4 Firefox/1.0.7"
IP  - - [04/Sep/2008:23:02:04 +0000] "GET /index.htm HTTP/1.1" 200 4919 "-" "Mozilla/5.0 (X11; U; Linux i686; en-US; rv:1.7.12; ips-agent) Gecko/20050922 Fedora/1.0.7-1.1.fc4 Firefox/1.0.7"
IP  - - [04/Sep/2008:23:02:05 +0000] "GET /clients.htm HTTP/1.1" 200 7371 "-" "Mozilla/5.0 (X11; U; Linux i686; en-US; rv:1.7.12; ips-agent) Gecko/20050922 Fedora/1.0.7-1.1.fc4 Firefox/1.0.7"
IP  - - [04/Sep/2008:23:02:06 +0000] "GET /formats.htm HTTP/1.1" 200 12708 "-" "Mozilla/5.0 (X11; U; Linux i686; en-US; rv:1.7.12; ips-agent) Gecko/20050922 Fedora/1.0.7-1.1.fc4 Firefox/1.0.7"
IP  - - [04/Sep/2008:23:02:07 +0000] "GET /about.htm HTTP/1.1" 200 5579 "-" "Mozilla/5.0 (X11; U; Linux i686; en-US; rv:1.7.12; ips-agent) Gecko/20050922 Fedora/1.0.7-1.1.fc4 Firefox/1.0.7"
IP  - - [05/Sep/2008:00:10:23 +0000] "GET / HTTP/1.0" 200 4919 "-" "Mozilla/4.0 (compatible; MSIE 6.0; Windows NT 5.0; T312461; sbcydsl 3.12; YComp IP )"
IP  - - [05/Sep/2008:00:25:07 +0000] "GET / HTTP/1.1" 200 4919 "-" "WebAlta Crawler/2.0 (http://www.webalta.net/ru/about_webmaster.html) (Windows; U; Windows NT 5.1; ru-RU)"
IP  - - [05/Sep/2008:00:26:53 +0000] "GET / HTTP/1.1" 200 4919 "-" "WebAlta Crawler/2.0 (http://www.webalta.net/ru/about_webmaster.html) (Windows; U; Windows NT 5.1; ru-RU)"
IP  - - [05/Sep/2008:01:09:31 +0000] "GET / HTTP/1.1" 304 - "-" "msnbot/1.1 (+http://search.msn.com/msnbot.htm)"
IP  - - [05/Sep/2008:05:32:50 +0000] "GET / HTTP/1.1" 200 4919 "-" "Mozilla/4.0 (compatible; MSIE 7.0;  Windows NT 5.2)"
IP  - - [05/Sep/2008:05:34:13 +0000] "GET /about.htm HTTP/1.1" 200 5579 "http://www.giantstreaming.com/" "Mozilla/4.0 (compatible; MSIE 7.0;  Windows NT 5.2)"
IP  - - [05/Sep/2008:05:34:13 +0000] "GET /formats.htm HTTP/1.1" 200 12708 "http://www.giantstreaming.com/" "Mozilla/4.0 (compatible; MSIE 7.0;  Windows NT 5.2)"
IP  - - [05/Sep/2008:05:34:13 +0000] "GET /index.htm HTTP/1.1" 200 4919 "http://www.giantstreaming.com/" "Mozilla/4.0 (compatible; MSIE 7.0;  Windows NT 5.2)"
IP  - - [05/Sep/2008:05:34:13 +0000] "GET /style.css HTTP/1.1" 200 4405 "http://www.giantstreaming.com/" "Mozilla/4.0 (compatible; MSIE 7.0;  Windows NT 5.2)"
IP  - - [05/Sep/2008:05:34:16 +0000] "GET /clients.htm HTTP/1.1" 200 7371 "http://www.giantstreaming.com/" "Mozilla/4.0 (compatible; MSIE 7.0;  Windows NT 5.2)"
IP  - - [05/Sep/2008:07:25:26 +0000] "GET /index.htm HTTP/1.0" 200 4919 "-" "Mozilla/5.0 (compatible; Yahoo! Slurp; http://help.yahoo.com/help/us/ysearch/slurp)"
IP  - - [05/Sep/2008:07:59:04 +0000] "GET /ads/LaCachette256.wmv HTTP/1.1" 200 2765784 "http://www.chamonixchalet.net/Chalet1_Photos.ink" "Mozilla/5.0 (Windows; U; Windows NT 6.0; en-GB; rv:IP ) Gecko/2008070208 Firefox/3.0.1"
IP  - - [05/Sep/2008:09:09:52 +0000] "GET /pds/DanielBaudSkiGuide768.wmv HTTP/1.1" 200 141308 "http://home.btconnect.com/leboomerang/les_gets_pds.htm" "Mozilla/4.0 (compatible; MSIE 7.0; Windows NT 5.1; .NET CLR 1.1.4322)"
IP  - - [05/Sep/2008:09:09:54 +0000] "GET /pds/DanielBaudSkiGuide768.wmv HTTP/1.1" 200 53765 "-" "NSPlayer/11.0.5721.5145"
IP  - - [05/Sep/2008:09:10:26 +0000] "GET /pds/DanielBaudSkiGuide768.wmv HTTP/1.1" 206 18060018 "-" "NSPlayer/11.0.5721.5145 WMFSDK/11.0"
IP  - - [05/Sep/2008:11:38:10 +0000] "GET /cyp/CyprusGolf768.wmv HTTP/1.1" 200 202979 "http://www.cyprusgolfvillas.net/Videos.ink" "Mozilla/4.0 (compatible; MSIE 7.0; Windows NT 5.1; .NET CLR 1.1.4322)"
IP  - - [05/Sep/2008:11:38:11 +0000] "GET /cyp/CyprusGolf768.wmv HTTP/1.1" 200 34796 "-" "NSPlayer/11.0.5721.5145"
IP  - - [05/Sep/2008:11:38:48 +0000] "GET /cyp/CyprusGolf768.wmv HTTP/1.1" 206 16436025 "-" "NSPlayer/11.0.5721.5145 WMFSDK/11.0"
IP  - - [05/Sep/2008:11:41:45 +0000] "GET /skimorgins/AdultsIntro.wmv HTTP/1.1" 200 137236 "http://www.skimorgins.com/movie_clips/winter.htm" "Mozilla/4.0 (compatible; MSIE 7.0; Windows NT 5.1; .NET CLR 1.1.4322; .NET CLR 2.0.50727)"
IP  - - [05/Sep/2008:11:41:46 +0000] "GET /skimorgins/AdultsIntro.wmv HTTP/1.1" 200 35197 "-" "NSPlayer/11.0.5721.5145"
IP  - - [05/Sep/2008:11:42:55 +0000] "GET /skimorgins/AdultsIntro.wmv HTTP/1.1" 206 6409680 "-" "NSPlayer/11.0.5721.5145 WMFSDK/11.0"
IP  - - [05/Sep/2008:11:43:59 +0000] "GET /skimorgins/AdultSki.wmv HTTP/1.1" 200 35139 "http://www.skimorgins.com/movie_clips/winter.htm" "Mozilla/4.0 (compatible; MSIE 7.0; Windows NT 5.1; .NET CLR 1.1.4322; .NET CLR 2.0.50727)"
IP  - - [05/Sep/2008:11:45:58 +0000] "GET /skimorgins/AdultSki.wmv HTTP/1.1" 206 9354177 "-" "NSPlayer/11.0.5721.5145 WMFSDK/11.0"
IP  - - [05/Sep/2008:11:46:07 +0000] "GET /skimorgins/WinterActivities.wmv HTTP/1.1" 200 35139 "http://www.skimorgins.com/movie_clips/winter.htm" "Mozilla/4.0 (compatible; MSIE 7.0; Windows NT 5.1; .NET CLR 1.1.4322; .NET CLR 2.0.50727)"
IP  - - [05/Sep/2008:11:48:10 +0000] "GET /skimorgins/WinterActivities.wmv HTTP/1.1" 206 10635719 "-" "NSPlayer/11.0.5721.5145 WMFSDK/11.0"
IP  - - [05/Sep/2008:12:38:45 +0000] "GET /ads/LaRetraire256.wmv HTTP/1.1" 200 20168 "http://www.singingfish.com" "asterias/2.0"
IP  - - [05/Sep/2008:13:32:10 +0000] "GET /virgin/PlayingYourPositionSeq.wmv HTTP/1.1" 200 20166 "http://www.singingfish.com" "asterias/2.0"
IP  - - [05/Sep/2008:13:35:43 +0000] "GET /ads/Snowflakes768.mov HTTP/1.1" 200 20165 "http://www.singingfish.com" "asterias/2.0"
IP  - - [05/Sep/2008:14:17:49 +0000] "GET /ads/LaRetraire256.wmv HTTP/1.1" 200 60578 "http://www.chamonixchalet.net/Chalet3_Description.ink" "Mozilla/4.0 (compatible; MSIE 7.0; Windows NT 5.1; Mozilla/4.0 (compatible; MSIE 6.0; Windows NT 5.1; SV1) ; .NET CLR 1.1.4322; .NET CLR 2.0.50727)"
IP  - - [05/Sep/2008:14:17:51 +0000] "GET /ads/LaRetraire256.wmv HTTP/1.1" 200 28067 "-" "NSPlayer/11.0.5721.5145"
IP  - - [05/Sep/2008:14:17:59 +0000] "GET /ads/LaRetraire256.wmv HTTP/1.1" 206 2035436 "-" "NSPlayer/11.0.5721.5145 WMFSDK/11.0"
IP  - - [05/Sep/2008:14:21:42 +0000] "GET /ads/LaCachette256.wmv HTTP/1.1" 200 19514 "http://www.chamonixchalet.net/Chalet3_Description.ink" "Mozilla/4.0 (compatible; MSIE 7.0; Windows NT 5.1; Mozilla/4.0 (compatible; MSIE 6.0; Windows NT 5.1; SV1) ; .NET CLR 1.1.4322; .NET CLR 2.0.50727)"
IP  - - [05/Sep/2008:14:21:51 +0000] "GET /ads/LaCachette256.wmv HTTP/1.1" 206 2764678 "-" "NSPlayer/11.0.5721.5145 WMFSDK/11.0"
IP  - - [05/Sep/2008:14:45:13 +0000] "GET / HTTP/1.0" 200 4919 "-" "Mozilla/4.0 (compatible; MSIE 7.0; Windows NT 5.1; .NET CLR 1.0.3705; .NET CLR 1.1.4322; Media Center PC 4.0; .NET CLR 3.0.04506.30; .NET CLR 2.0.50727)"
IP  - - [05/Sep/2008:15:03:42 +0000] "GET /virgin/JudgingYourOpponentsSeq.wmv HTTP/1.1" 200 20166 "http://www.singingfish.com" "asterias/2.0"
IP  - - [05/Sep/2008:15:21:14 +0000] "GET /virgin/AtTheTableSeq.wmv HTTP/1.1" 200 34995 "-" "NSPlayer/11.0.5721.5145"
IP  - - [05/Sep/2008:15:21:15 +0000] "GET /virgin/AtTheTableSeq.wmv HTTP/1.1" 200 312764 "-" "NSPlayer/11.0.5721.5145 WMFSDK/11.0"
IP  - - [05/Sep/2008:15:21:24 +0000] "GET /virgin/AtTheTableSeq.wmv HTTP/1.1" 200 1147884 "-" "NSPlayer/11.0.5721.5145 WMFSDK/11.0"
IP  - - [05/Sep/2008:15:43:05 +0000] "GET /ads/CyprusVilla256.wmv HTTP/1.1" 200 422222 "http://www.cyprus-golf-villas.net/Villa1_basement.ink" "Mozilla/5.0 (Macintosh; U; PPC Mac OS X Mach-O; en-US; rv:IP ) Gecko/20070914 Firefox/IP "
IP  - - [05/Sep/2008:15:56:26 +0000] "GET / HTTP/1.1" 200 4919 "-" "WebAlta Crawler/2.0 (http://www.webalta.net/ru/about_webmaster.html) (Windows; U; Windows NT 5.1; ru-RU)"
IP  - - [05/Sep/2008:16:37:09 +0000] "GET /virgin/AtTheTableSeq.wmv HTTP/1.1" 200 20166 "http://www.singingfish.com" "asterias/2.0"
IP  - - [05/Sep/2008:17:05:03 +0000] "GET /ads/LaCachette256.wmv HTTP/1.1" 200 141145 "http://www.chamonixchalet.net/default.ink" "Mozilla/4.0 (compatible; MSIE 7.0; Windows NT 5.1)"
IP  - - [05/Sep/2008:17:05:08 +0000] "GET /ads/LaCachette256.wmv HTTP/1.1" 200 34787 "-" "NSPlayer/9.0.0.3250"
IP  - - [05/Sep/2008:17:05:18 +0000] "GET /ads/LaCachette256.wmv HTTP/1.1" 206 2764634 "-" "NSPlayer/9.0.0.3267 WMFSDK/9.0"
IP  - - [05/Sep/2008:17:19:27 +0000] "GET /pds/DanielBaudSkiGuide768.wmv HTTP/1.1" 200 140121 "http://www.eskimogul.com/morzine_avoriaz_les_gets.htm" "Mozilla/4.0 (compatible; MSIE 6.0; Windows NT 5.1; FunWebProducts; Sky Broadband; .NET CLR 1.0.3705; .NET CLR 1.1.4322)"
IP  - - [05/Sep/2008:17:19:31 +0000] "GET /pds/DanielBaudSkiGuide768.wmv HTTP/1.1" 200 34785 "-" "NSPlayer/10.0.0.3802"
IP  - - [05/Sep/2008:17:20:55 +0000] "GET /pds/DanielBaudSkiGuide768.wmv HTTP/1.1" 206 18061477 "-" "NSPlayer/10.0.0.3802 WMFSDK/10.0"
IP  - - [05/Sep/2008:17:25:49 +0000] "GET /pds/AvoriazSkiGuide768.wmv HTTP/1.1" 200 140122 "http://www.eskimogul.com/morzine_avoriaz_les_gets.htm" "Mozilla/4.0 (compatible; MSIE 6.0; Windows NT 5.1; FunWebProducts; Sky Broadband; .NET CLR 1.0.3705; .NET CLR 1.1.4322)"
IP  - - [05/Sep/2008:17:26:47 +0000] "GET /pds/AvoriazSkiGuide768.wmv HTTP/1.1" 206 12277080 "-" "NSPlayer/10.0.0.3802 WMFSDK/10.0"
IP  - - [05/Sep/2008:17:29:20 +0000] "GET /pds/DanielBaudSkiGuide768.wmv HTTP/1.1" 304 - "http://www.eskimogul.com/morzine_avoriaz_les_gets.htm" "Mozilla/4.0 (compatible; MSIE 6.0; Windows NT 5.1; FunWebProducts; Sky Broadband; .NET CLR 1.0.3705; .NET CLR 1.1.4322)"
IP  - - [05/Sep/2008:18:25:48 +0000] "GET /ads/LaRetraire768.wmv HTTP/1.1" 200 74314 "http://www.chamonixchalet.net/Chalet3_Video.ink" "Mozilla/4.0 (compatible; MSIE 7.0; Windows NT 6.0; SLCC1; .NET CLR 2.0.50727; Media Center PC 5.0; .NET CLR 3.0.04506; .NET CLR 1.0.3705)"
IP  - - [05/Sep/2008:18:25:56 +0000] "GET /ads/LaRetraire768.wmv HTTP/1.1" 200 310858 "-" "NSPlayer/11.00.6000.6324 WMFSDK/11.00.6000.6324"
IP  - - [05/Sep/2008:18:28:03 +0000] "GET /ads/LaRetraire768.wmv HTTP/1.1" 200 5637322 "-" "NSPlayer/11.00.6000.6324 WMFSDK/11.00.6000.6324"
IP  - - [05/Sep/2008:18:50:55 +0000] "GET /pds/DanielBaudSkiGuide768.wmv HTTP/1.1" 200 142768 "http://www.eskimogul.com/morzine_avoriaz_les_gets.htm" "Mozilla/4.0 (compatible; MSIE 7.0; Windows NT 6.0; SIMBAR={ECFDED6B-6E97-11DC-A6EA-000C7677DFDF}; FunWebProducts; SLCC1; .NET CLR 2.0.50727; Media Center PC 5.0; .NET CLR 3.0.04506; .NET CLR 1.1.4322)"
IP  - - [05/Sep/2008:18:51:29 +0000] "GET /pds/DanielBaudSkiGuide768.wmv HTTP/1.1" 200 18062626 "-" "NSPlayer/11.00.6001.7000 WMFSDK/11.00.6001.7000"
